2026-06-14 17:55:57 [JavaFX Application Thread] INFO  com.iso11820.config.ConfigLoader - 配置加载成功
2026-06-14 17:55:58 [JavaFX Application Thread] INFO  com.iso11820.db.DatabaseInitializer - 初始数据插入完成
2026-06-14 17:55:58 [JavaFX Application Thread] INFO  com.iso11820.db.DatabaseInitializer - 数据库初始化完成: C:/Users/lenovo/ISO11820/Data/ISO11820.db
2026-06-14 17:55:58 [JavaFX Application Thread] INFO  com.iso11820.GlobalContext - 加载 17 个传感器配置
2026-06-14 17:55:58 [JavaFX Application Thread] INFO  com.iso11820.GlobalContext - 加载设备信息: 一号试验炉
2026-06-14 17:55:58 [JavaFX Application Thread] INFO  c.iso11820.service.SimulationEngine - 仿真引擎重置，初始温度: 720.0
2026-06-14 17:55:58 [JavaFX Application Thread] INFO  com.iso11820.GlobalContext - 全局上下文初始化完成
2026-06-14 17:55:58 [JavaFX Application Thread] INFO  com.iso11820.ui.LoginController - 登录界面初始化
2026-06-14 17:55:58 [JavaFX Application Thread] INFO  com.iso11820.App - 应用程序启动
2026-06-14 17:56:05 [JavaFX Application Thread] INFO  com.iso11820.ui.LoginController - 用户 admin 登录成功
2026-06-14 17:56:05 [JavaFX Application Thread] INFO  com.iso11820.ui.QueryController - 记录查询界面初始化
2026-06-14 17:56:05 [JavaFX Application Thread] INFO  c.iso11820.ui.CalibrationController - 设备校准界面初始化
2026-06-14 17:56:05 [JavaFX Application Thread] INFO  com.iso11820.service.DaqWorker - 数据采集服务启动，间隔 800 ms
2026-06-14 17:56:05 [JavaFX Application Thread] INFO  com.iso11820.ui.MainController - 主界面初始化完成
2026-06-14 17:56:09 [JavaFX Application Thread] INFO  c.iso11820.controller.TestController - 状态变化: IDLE -> PREPARING
2026-06-14 17:56:09 [JavaFX Application Thread] INFO  c.iso11820.service.SimulationEngine - 开始升温
2026-06-14 17:56:09 [JavaFX Application Thread] INFO  c.iso11820.service.SimulationEngine - 开始升温
2026-06-14 17:56:11 [JavaFX Application Thread] INFO  c.iso11820.controller.TestController - 状态变化: PREPARING -> IDLE
2026-06-14 17:56:11 [JavaFX Application Thread] INFO  c.iso11820.service.SimulationEngine - 停止升温
2026-06-14 17:56:11 [JavaFX Application Thread] INFO  c.iso11820.service.SimulationEngine - 停止升温
2026-06-14 17:56:20 [JavaFX Application Thread] INFO  com.iso11820.service.DaqWorker - 数据采集服务停止
2026-06-14 17:56:20 [JavaFX Application Thread] INFO  com.iso11820.App - 应用程序关闭
2026-06-15 11:09:19 [JavaFX Application Thread] INFO  com.iso11820.config.ConfigLoader - 配置加载成功
2026-06-15 11:09:20 [JavaFX Application Thread] INFO  com.iso11820.db.DatabaseInitializer - 初始数据插入完成
2026-06-15 11:09:20 [JavaFX Application Thread] INFO  com.iso11820.db.DatabaseInitializer - 数据库初始化完成: C:/Users/lenovo/ISO11820/Data/ISO11820.db
2026-06-15 11:09:20 [JavaFX Application Thread] INFO  com.iso11820.GlobalContext - 加载 17 个传感器配置
2026-06-15 11:09:20 [JavaFX Application Thread] INFO  com.iso11820.GlobalContext - 加载设备信息: 一号试验炉
2026-06-15 11:09:20 [JavaFX Application Thread] INFO  c.iso11820.service.SimulationEngine - 仿真引擎重置，初始温度: 720.0
2026-06-15 11:09:20 [JavaFX Application Thread] INFO  com.iso11820.GlobalContext - 全局上下文初始化完成
2026-06-15 11:09:20 [JavaFX Application Thread] INFO  com.iso11820.ui.LoginController - 登录界面初始化
2026-06-15 11:09:21 [JavaFX Application Thread] INFO  com.iso11820.App - 应用程序启动
2026-06-15 11:09:29 [JavaFX Application Thread] INFO  com.iso11820.ui.LoginController - 用户 experimenter 登录成功
2026-06-15 11:09:30 [JavaFX Application Thread] INFO  com.iso11820.ui.QueryController - 记录查询界面初始化
2026-06-15 11:09:30 [JavaFX Application Thread] INFO  c.iso11820.ui.CalibrationController - 设备校准界面初始化
2026-06-15 11:09:30 [JavaFX Application Thread] INFO  com.iso11820.service.DaqWorker - 数据采集服务启动，间隔 800 ms
2026-06-15 11:09:30 [JavaFX Application Thread] INFO  com.iso11820.ui.MainController - 主界面初始化完成
2026-06-15 11:09:38 [JavaFX Application Thread] INFO  com.iso11820.ui.NewTestController - 新建试验界面初始化
2026-06-15 11:10:34 [JavaFX Application Thread] INFO  com.iso11820.ui.NewTestController - 试验创建成功: 20260615-111034
2026-06-15 11:10:37 [JavaFX Application Thread] INFO  c.iso11820.controller.TestController - 状态变化: IDLE -> PREPARING
2026-06-15 11:10:37 [JavaFX Application Thread] INFO  c.iso11820.service.SimulationEngine - 开始升温
2026-06-15 11:10:37 [JavaFX Application Thread] INFO  c.iso11820.service.SimulationEngine - 开始升温
2026-06-15 11:10:42 [pool-2-thread-1] INFO  c.iso11820.controller.TestController - 状态变化: PREPARING -> READY
2026-06-15 11:10:43 [JavaFX Application Thread] INFO  c.iso11820.controller.TestController - 状态变化: READY -> RECORDING
2026-06-15 11:10:43 [JavaFX Application Thread] INFO  c.iso11820.service.SimulationEngine - 开始记录温度数据
2026-06-15 11:11:02 [JavaFX Application Thread] INFO  c.iso11820.controller.TestController - 状态变化: RECORDING -> COMPLETE
2026-06-15 11:11:02 [JavaFX Application Thread] INFO  c.iso11820.service.SimulationEngine - 停止记录
2026-06-15 11:11:04 [JavaFX Application Thread] INFO  com.iso11820.ui.RecordController - 试验记录界面初始化
2026-06-15 11:11:29 [JavaFX Application Thread] INFO  com.iso11820.ui.SettingsController - 参数设置界面初始化
2026-06-15 11:11:37 [JavaFX Application Thread] INFO  com.iso11820.service.ExportService - Excel文件导出成功: C:/Users/lenovo/ISO11820/Reports/20260615-111034_报告.xlsx
2026-06-15 11:11:43 [JavaFX Application Thread] INFO  c.iso11820.service.SimulationEngine - 停止升温
2026-06-15 11:11:47 [JavaFX Application Thread] INFO  c.iso11820.service.SimulationEngine - 停止升温
2026-06-15 11:11:50 [JavaFX Application Thread] INFO  com.iso11820.ui.RecordController - 试验记录界面初始化
2026-06-15 11:12:07 [JavaFX Application Thread] INFO  com.iso11820.ui.RecordController - 试验记录界面初始化
2026-06-15 11:12:09 [JavaFX Application Thread] INFO  com.iso11820.ui.SettingsController - 参数设置界面初始化
2026-06-15 11:12:13 [JavaFX Application Thread] INFO  com.iso11820.ui.QueryController - 查询到 1 条记录
2026-06-15 11:12:27 [JavaFX Application Thread] INFO  com.iso11820.service.DaqWorker - 数据采集服务停止
2026-06-15 11:12:27 [JavaFX Application Thread] INFO  com.iso11820.App - 应用程序关闭
2026-06-15 11:13:25 [JavaFX Application Thread] INFO  com.iso11820.config.ConfigLoader - 配置加载成功
2026-06-15 11:13:25 [JavaFX Application Thread] INFO  com.iso11820.db.DatabaseInitializer - 初始数据插入完成
2026-06-15 11:13:25 [JavaFX Application Thread] INFO  com.iso11820.db.DatabaseInitializer - 数据库初始化完成: C:/Users/lenovo/ISO11820/Data/ISO11820.db
2026-06-15 11:13:25 [JavaFX Application Thread] INFO  com.iso11820.GlobalContext - 加载 17 个传感器配置
2026-06-15 11:13:25 [JavaFX Application Thread] INFO  com.iso11820.GlobalContext - 加载设备信息: 一号试验炉
2026-06-15 11:13:25 [JavaFX Application Thread] INFO  c.iso11820.service.SimulationEngine - 仿真引擎重置，初始温度: 720.0
2026-06-15 11:13:25 [JavaFX Application Thread] INFO  com.iso11820.GlobalContext - 全局上下文初始化完成
2026-06-15 11:13:25 [JavaFX Application Thread] INFO  com.iso11820.ui.LoginController - 登录界面初始化
2026-06-15 11:13:25 [JavaFX Application Thread] INFO  com.iso11820.App - 应用程序启动
2026-06-15 11:13:29 [JavaFX Application Thread] INFO  com.iso11820.App - 应用程序关闭
2026-06-17 19:19:08 [JavaFX Application Thread] INFO  com.iso11820.config.ConfigLoader - 配置加载成功
2026-06-17 19:19:08 [JavaFX Application Thread] INFO  com.iso11820.db.DatabaseInitializer - 初始数据插入完成
2026-06-17 19:19:08 [JavaFX Application Thread] INFO  com.iso11820.db.DatabaseInitializer - 数据库初始化完成: C:/Users/lenovo/ISO11820/Data/ISO11820.db
2026-06-17 19:19:08 [JavaFX Application Thread] INFO  com.iso11820.GlobalContext - 加载 17 个传感器配置
2026-06-17 19:19:08 [JavaFX Application Thread] INFO  com.iso11820.GlobalContext - 加载设备信息: 一号试验炉
2026-06-17 19:19:08 [JavaFX Application Thread] INFO  c.iso11820.service.SimulationEngine - 仿真引擎重置，初始温度: 720.0
2026-06-17 19:19:08 [JavaFX Application Thread] INFO  com.iso11820.GlobalContext - 全局上下文初始化完成
2026-06-17 19:19:08 [JavaFX Application Thread] INFO  com.iso11820.ui.LoginController - 登录界面初始化
2026-06-17 19:19:09 [JavaFX Application Thread] INFO  com.iso11820.App - 应用程序启动
2026-06-17 19:19:20 [JavaFX Application Thread] INFO  com.iso11820.ui.LoginController - 用户 admin 登录成功
2026-06-17 19:19:20 [JavaFX Application Thread] INFO  com.iso11820.ui.QueryController - 记录查询界面初始化
2026-06-17 19:19:20 [JavaFX Application Thread] INFO  c.iso11820.ui.CalibrationController - 设备校准界面初始化
2026-06-17 19:19:20 [JavaFX Application Thread] INFO  com.iso11820.service.DaqWorker - 数据采集服务启动，间隔 800 ms
2026-06-17 19:19:20 [JavaFX Application Thread] INFO  com.iso11820.ui.MainController - 主界面初始化完成
2026-06-17 19:19:27 [JavaFX Application Thread] INFO  com.iso11820.ui.NewTestController - 新建试验界面初始化
2026-06-17 19:21:04 [JavaFX Application Thread] INFO  com.iso11820.ui.NewTestController - 试验创建成功: 20260617-192104
2026-06-17 19:21:11 [JavaFX Application Thread] INFO  c.iso11820.controller.TestController - 状态变化: IDLE -> PREPARING
2026-06-17 19:21:11 [JavaFX Application Thread] INFO  c.iso11820.service.SimulationEngine - 开始升温
2026-06-17 19:21:11 [JavaFX Application Thread] INFO  c.iso11820.service.SimulationEngine - 开始升温
2026-06-17 19:21:17 [pool-2-thread-1] INFO  c.iso11820.controller.TestController - 状态变化: PREPARING -> READY
2026-06-17 19:21:34 [JavaFX Application Thread] INFO  c.iso11820.controller.TestController - 状态变化: READY -> RECORDING
2026-06-17 19:21:34 [JavaFX Application Thread] INFO  c.iso11820.service.SimulationEngine - 开始记录温度数据
2026-06-17 19:30:48 [JavaFX Application Thread] INFO  c.iso11820.controller.TestController - 状态变化: RECORDING -> COMPLETE
2026-06-17 19:30:48 [JavaFX Application Thread] INFO  c.iso11820.service.SimulationEngine - 停止记录
2026-06-17 19:30:54 [JavaFX Application Thread] INFO  com.iso11820.ui.RecordController - 试验记录界面初始化
2026-06-17 19:31:19 [JavaFX Application Thread] INFO  com.iso11820.ui.RecordController - 试验记录界面初始化
2026-06-17 19:33:24 [JavaFX Application Thread] INFO  com.iso11820.ui.SettingsController - 参数设置界面初始化
2026-06-17 19:33:31 [JavaFX Application Thread] INFO  c.iso11820.service.SimulationEngine - 停止升温
2026-06-17 19:33:43 [JavaFX Application Thread] INFO  com.iso11820.ui.QueryController - 查询到 2 条记录
2026-06-17 19:41:19 [JavaFX Application Thread] INFO  com.iso11820.config.ConfigLoader - 配置加载成功
2026-06-17 19:41:19 [JavaFX Application Thread] INFO  com.iso11820.db.DatabaseInitializer - 初始数据插入完成
2026-06-17 19:41:19 [JavaFX Application Thread] INFO  com.iso11820.db.DatabaseInitializer - 数据库初始化完成: C:/Users/lenovo/ISO11820/Data/ISO11820.db
2026-06-17 19:41:19 [JavaFX Application Thread] INFO  com.iso11820.GlobalContext - 加载 17 个传感器配置
2026-06-17 19:41:19 [JavaFX Application Thread] INFO  com.iso11820.GlobalContext - 加载设备信息: 一号试验炉
2026-06-17 19:41:19 [JavaFX Application Thread] INFO  c.iso11820.service.SimulationEngine - 仿真引擎重置，初始温度: 720.0
2026-06-17 19:41:19 [JavaFX Application Thread] INFO  com.iso11820.GlobalContext - 全局上下文初始化完成
2026-06-17 19:41:19 [JavaFX Application Thread] INFO  com.iso11820.ui.LoginController - 登录界面初始化
2026-06-17 19:41:20 [JavaFX Application Thread] INFO  com.iso11820.App - 应用程序启动
2026-06-17 19:41:25 [JavaFX Application Thread] INFO  com.iso11820.ui.LoginController - 用户 admin 登录成功
2026-06-17 19:41:25 [JavaFX Application Thread] INFO  com.iso11820.ui.QueryController - 记录查询界面初始化
2026-06-17 19:41:25 [JavaFX Application Thread] INFO  c.iso11820.ui.CalibrationController - 设备校准界面初始化
2026-06-17 19:41:25 [JavaFX Application Thread] INFO  com.iso11820.service.DaqWorker - 数据采集服务启动，间隔 800 ms
2026-06-17 19:41:25 [JavaFX Application Thread] INFO  com.iso11820.ui.MainController - 主界面初始化完成
2026-06-17 19:41:28 [JavaFX Application Thread] INFO  com.iso11820.ui.RecordController - 试验记录界面初始化
2026-06-17 19:43:16 [JavaFX Application Thread] INFO  com.iso11820.service.DaqWorker - 数据采集服务停止
2026-06-17 19:43:16 [JavaFX Application Thread] INFO  com.iso11820.App - 应用程序关闭
2026-06-17 19:55:27 [JavaFX Application Thread] INFO  com.iso11820.config.ConfigLoader - 配置加载成功
2026-06-17 19:55:27 [JavaFX Application Thread] INFO  com.iso11820.db.DatabaseInitializer - 初始数据插入完成
2026-06-17 19:55:27 [JavaFX Application Thread] INFO  com.iso11820.db.DatabaseInitializer - 数据库初始化完成: C:/Users/lenovo/ISO11820/Data/ISO11820.db
2026-06-17 19:55:27 [JavaFX Application Thread] INFO  com.iso11820.GlobalContext - 加载 17 个传感器配置
2026-06-17 19:55:27 [JavaFX Application Thread] INFO  com.iso11820.GlobalContext - 加载设备信息: 一号试验炉
2026-06-17 19:55:27 [JavaFX Application Thread] INFO  c.iso11820.service.SimulationEngine - 仿真引擎重置，初始温度: 720.0
2026-06-17 19:55:27 [JavaFX Application Thread] INFO  com.iso11820.GlobalContext - 全局上下文初始化完成
2026-06-17 19:55:27 [JavaFX Application Thread] INFO  com.iso11820.ui.LoginController - 登录界面初始化
2026-06-17 19:55:28 [JavaFX Application Thread] INFO  com.iso11820.App - 应用程序启动
2026-06-17 19:55:32 [JavaFX Application Thread] INFO  com.iso11820.ui.LoginController - 用户 admin 登录成功
2026-06-17 19:55:32 [JavaFX Application Thread] INFO  com.iso11820.ui.QueryController - 记录查询界面初始化
2026-06-17 19:55:32 [JavaFX Application Thread] INFO  c.iso11820.ui.CalibrationController - 设备校准界面初始化
2026-06-17 19:55:32 [JavaFX Application Thread] INFO  com.iso11820.service.DaqWorker - 数据采集服务启动，间隔 800 ms
2026-06-17 19:55:32 [JavaFX Application Thread] INFO  com.iso11820.ui.MainController - 主界面初始化完成
2026-06-17 19:55:45 [JavaFX Application Thread] INFO  com.iso11820.ui.RecordController - 试验记录界面初始化
2026-06-17 19:55:57 [JavaFX Application Thread] INFO  com.iso11820.ui.NewTestController - 新建试验界面初始化
2026-06-17 19:56:30 [JavaFX Application Thread] INFO  com.iso11820.ui.NewTestController - 试验创建成功: 20260617-195630
2026-06-17 19:56:32 [JavaFX Application Thread] INFO  c.iso11820.controller.TestController - 状态变化: IDLE -> PREPARING
2026-06-17 19:56:32 [JavaFX Application Thread] INFO  c.iso11820.service.SimulationEngine - 开始升温
2026-06-17 19:56:32 [JavaFX Application Thread] INFO  c.iso11820.service.SimulationEngine - 开始升温
2026-06-17 19:56:37 [pool-2-thread-1] INFO  c.iso11820.controller.TestController - 状态变化: PREPARING -> READY
2026-06-17 19:56:40 [JavaFX Application Thread] INFO  c.iso11820.controller.TestController - 状态变化: READY -> RECORDING
2026-06-17 19:56:40 [JavaFX Application Thread] INFO  c.iso11820.service.SimulationEngine - 开始记录温度数据
2026-06-17 19:57:37 [JavaFX Application Thread] INFO  c.iso11820.controller.TestController - 状态变化: RECORDING -> COMPLETE
2026-06-17 19:57:37 [JavaFX Application Thread] INFO  c.iso11820.service.SimulationEngine - 停止记录
2026-06-17 19:57:41 [JavaFX Application Thread] INFO  com.iso11820.ui.RecordController - 试验记录界面初始化
2026-06-17 19:57:45 [JavaFX Application Thread] INFO  com.iso11820.service.DaqWorker - 数据采集服务停止
2026-06-17 19:57:45 [JavaFX Application Thread] INFO  com.iso11820.App - 应用程序关闭
2026-06-17 20:21:37 [JavaFX Application Thread] INFO  com.iso11820.config.ConfigLoader - 配置加载成功
2026-06-17 20:21:37 [JavaFX Application Thread] INFO  com.iso11820.db.DatabaseInitializer - 初始数据插入完成
2026-06-17 20:21:37 [JavaFX Application Thread] INFO  com.iso11820.db.DatabaseInitializer - 数据库初始化完成: C:/Users/lenovo/ISO11820/Data/ISO11820.db
2026-06-17 20:21:37 [JavaFX Application Thread] INFO  com.iso11820.GlobalContext - 加载 17 个传感器配置
2026-06-17 20:21:37 [JavaFX Application Thread] INFO  com.iso11820.GlobalContext - 加载设备信息: 一号试验炉
2026-06-17 20:21:37 [JavaFX Application Thread] INFO  c.iso11820.service.SimulationEngine - 仿真引擎重置，初始温度: 720.0
2026-06-17 20:21:37 [JavaFX Application Thread] INFO  com.iso11820.GlobalContext - 全局上下文初始化完成
2026-06-17 20:21:37 [JavaFX Application Thread] INFO  com.iso11820.ui.LoginController - 登录界面初始化
2026-06-17 20:21:38 [JavaFX Application Thread] INFO  com.iso11820.App - 应用程序启动
2026-06-17 20:21:43 [JavaFX Application Thread] INFO  com.iso11820.ui.LoginController - 用户 admin 登录成功
2026-06-17 20:21:43 [JavaFX Application Thread] INFO  com.iso11820.ui.QueryController - 记录查询界面初始化
2026-06-17 20:21:43 [JavaFX Application Thread] INFO  c.iso11820.ui.CalibrationController - 设备校准界面初始化
2026-06-17 20:21:43 [JavaFX Application Thread] INFO  com.iso11820.service.DaqWorker - 数据采集服务启动，间隔 800 ms
2026-06-17 20:21:43 [JavaFX Application Thread] INFO  com.iso11820.ui.MainController - 主界面初始化完成
2026-06-17 20:21:47 [JavaFX Application Thread] INFO  com.iso11820.ui.NewTestController - 新建试验界面初始化
2026-06-17 20:22:11 [JavaFX Application Thread] INFO  com.iso11820.ui.NewTestController - 试验创建成功: 20260617-202211
2026-06-17 20:22:13 [JavaFX Application Thread] INFO  c.iso11820.controller.TestController - 状态变化: IDLE -> PREPARING
2026-06-17 20:22:13 [JavaFX Application Thread] INFO  c.iso11820.service.SimulationEngine - 开始升温
2026-06-17 20:22:13 [JavaFX Application Thread] INFO  c.iso11820.service.SimulationEngine - 开始升温
2026-06-17 20:22:17 [pool-2-thread-1] INFO  c.iso11820.controller.TestController - 状态变化: PREPARING -> READY
2026-06-17 20:22:20 [JavaFX Application Thread] INFO  c.iso11820.controller.TestController - 状态变化: READY -> RECORDING
2026-06-17 20:22:20 [JavaFX Application Thread] INFO  c.iso11820.service.SimulationEngine - 开始记录温度数据
2026-06-17 20:22:34 [JavaFX Application Thread] INFO  c.iso11820.controller.TestController - 状态变化: RECORDING -> COMPLETE
2026-06-17 20:22:34 [JavaFX Application Thread] INFO  c.iso11820.service.SimulationEngine - 停止记录
2026-06-17 20:22:37 [JavaFX Application Thread] INFO  com.iso11820.ui.SettingsController - 参数设置界面初始化
2026-06-17 20:22:43 [JavaFX Application Thread] INFO  com.iso11820.ui.RecordController - 试验记录界面初始化
2026-06-17 20:22:53 [JavaFX Application Thread] INFO  com.iso11820.ui.QueryController - 查询到 4 条记录
2026-06-17 20:22:54 [JavaFX Application Thread] INFO  com.iso11820.service.ExportService - 查询结果Excel导出成功: C:/Users/lenovo/ISO11820/Reports/20260617_查询结果.xlsx
2026-06-17 20:23:00 [JavaFX Application Thread] INFO  com.iso11820.service.DaqWorker - 数据采集服务停止
2026-06-17 20:23:00 [JavaFX Application Thread] INFO  com.iso11820.App - 应用程序关闭
2026-06-17 20:41:06 [JavaFX Application Thread] INFO  com.iso11820.config.ConfigLoader - 配置加载成功
2026-06-17 20:41:06 [JavaFX Application Thread] INFO  com.iso11820.db.DatabaseInitializer - 初始数据插入完成
2026-06-17 20:41:06 [JavaFX Application Thread] INFO  com.iso11820.db.DatabaseInitializer - 数据库初始化完成: C:/Users/lenovo/ISO11820/Data/ISO11820.db
2026-06-17 20:41:06 [JavaFX Application Thread] INFO  com.iso11820.GlobalContext - 加载 17 个传感器配置
2026-06-17 20:41:06 [JavaFX Application Thread] INFO  com.iso11820.GlobalContext - 加载设备信息: 一号试验炉
2026-06-17 20:41:06 [JavaFX Application Thread] INFO  c.iso11820.service.SimulationEngine - 仿真引擎重置，初始温度: 720.0
2026-06-17 20:41:06 [JavaFX Application Thread] INFO  com.iso11820.GlobalContext - 全局上下文初始化完成
2026-06-17 20:41:06 [JavaFX Application Thread] INFO  com.iso11820.ui.LoginController - 登录界面初始化
2026-06-17 20:41:07 [JavaFX Application Thread] INFO  com.iso11820.App - 应用程序启动
2026-06-17 20:41:13 [JavaFX Application Thread] INFO  com.iso11820.ui.LoginController - 用户 admin 登录成功
2026-06-17 20:41:13 [JavaFX Application Thread] INFO  com.iso11820.ui.QueryController - 记录查询界面初始化
2026-06-17 20:41:13 [JavaFX Application Thread] INFO  c.iso11820.ui.CalibrationController - 设备校准界面初始化
2026-06-17 20:41:13 [JavaFX Application Thread] INFO  com.iso11820.service.DaqWorker - 数据采集服务启动，间隔 800 ms
2026-06-17 20:41:13 [JavaFX Application Thread] INFO  com.iso11820.ui.MainController - 主界面初始化完成
2026-06-17 20:41:23 [JavaFX Application Thread] INFO  com.iso11820.ui.NewTestController - 新建试验界面初始化
2026-06-17 20:42:06 [JavaFX Application Thread] INFO  com.iso11820.ui.NewTestController - 试验创建成功: 20260617-204206
2026-06-17 20:42:10 [JavaFX Application Thread] INFO  c.iso11820.controller.TestController - 状态变化: IDLE -> PREPARING
2026-06-17 20:42:10 [JavaFX Application Thread] INFO  c.iso11820.service.SimulationEngine - 开始升温
2026-06-17 20:42:10 [JavaFX Application Thread] INFO  c.iso11820.service.SimulationEngine - 开始升温
2026-06-17 20:42:15 [pool-2-thread-1] INFO  c.iso11820.controller.TestController - 状态变化: PREPARING -> READY
2026-06-17 20:42:17 [JavaFX Application Thread] INFO  c.iso11820.controller.TestController - 状态变化: READY -> RECORDING
2026-06-17 20:42:17 [JavaFX Application Thread] INFO  c.iso11820.service.SimulationEngine - 开始记录温度数据
2026-06-17 20:42:31 [JavaFX Application Thread] INFO  c.iso11820.controller.TestController - 状态变化: RECORDING -> COMPLETE
2026-06-17 20:42:31 [JavaFX Application Thread] INFO  c.iso11820.service.SimulationEngine - 停止记录
2026-06-17 20:42:34 [JavaFX Application Thread] INFO  com.iso11820.ui.RecordController - 试验记录界面初始化
2026-06-17 20:45:41 [JavaFX Application Thread] INFO  com.iso11820.ui.QueryController - 查询到 5 条记录
2026-06-17 20:48:40 [JavaFX Application Thread] INFO  com.iso11820.ui.RecordController - 试验记录界面初始化
2026-06-17 20:48:59 [JavaFX Application Thread] INFO  com.iso11820.ui.RecordController - 试验记录界面初始化
2026-06-17 20:50:39 [JavaFX Application Thread] INFO  com.iso11820.service.DaqWorker - 数据采集服务停止
2026-06-17 20:50:39 [JavaFX Application Thread] INFO  com.iso11820.App - 应用程序关闭
2026-06-17 20:53:20 [JavaFX Application Thread] INFO  com.iso11820.config.ConfigLoader - 配置加载成功
2026-06-17 20:53:20 [JavaFX Application Thread] INFO  com.iso11820.db.DatabaseInitializer - 初始数据插入完成
2026-06-17 20:53:20 [JavaFX Application Thread] INFO  com.iso11820.db.DatabaseInitializer - 数据库初始化完成: C:/Users/lenovo/ISO11820/Data/ISO11820.db
2026-06-17 20:53:20 [JavaFX Application Thread] INFO  com.iso11820.GlobalContext - 加载 17 个传感器配置
2026-06-17 20:53:20 [JavaFX Application Thread] INFO  com.iso11820.GlobalContext - 加载设备信息: 一号试验炉
2026-06-17 20:53:20 [JavaFX Application Thread] INFO  c.iso11820.service.SimulationEngine - 仿真引擎重置，初始温度: 720.0
2026-06-17 20:53:20 [JavaFX Application Thread] INFO  com.iso11820.GlobalContext - 全局上下文初始化完成
2026-06-17 20:53:20 [JavaFX Application Thread] INFO  com.iso11820.ui.LoginController - 登录界面初始化
2026-06-17 20:53:21 [JavaFX Application Thread] INFO  com.iso11820.App - 应用程序启动
2026-06-17 20:53:25 [JavaFX Application Thread] INFO  com.iso11820.ui.LoginController - 用户 admin 登录成功
2026-06-17 20:53:25 [JavaFX Application Thread] INFO  com.iso11820.ui.QueryController - 记录查询界面初始化
2026-06-17 20:53:25 [JavaFX Application Thread] INFO  c.iso11820.ui.CalibrationController - 设备校准界面初始化
2026-06-17 20:53:25 [JavaFX Application Thread] INFO  com.iso11820.service.DaqWorker - 数据采集服务启动，间隔 800 ms
2026-06-17 20:53:25 [JavaFX Application Thread] INFO  com.iso11820.ui.MainController - 主界面初始化完成
2026-06-17 20:53:28 [JavaFX Application Thread] INFO  com.iso11820.ui.NewTestController - 新建试验界面初始化
2026-06-17 20:53:33 [JavaFX Application Thread] INFO  com.iso11820.ui.NewTestController - 新建试验界面初始化
2026-06-17 20:54:01 [JavaFX Application Thread] INFO  com.iso11820.ui.NewTestController - 试验创建成功: 20260617-205401
2026-06-17 20:54:02 [JavaFX Application Thread] INFO  c.iso11820.controller.TestController - 状态变化: IDLE -> PREPARING
2026-06-17 20:54:02 [JavaFX Application Thread] INFO  c.iso11820.service.SimulationEngine - 开始升温
2026-06-17 20:54:02 [JavaFX Application Thread] INFO  c.iso11820.service.SimulationEngine - 开始升温
2026-06-17 20:54:07 [pool-2-thread-1] INFO  c.iso11820.controller.TestController - 状态变化: PREPARING -> READY
2026-06-17 20:54:08 [JavaFX Application Thread] INFO  c.iso11820.controller.TestController - 状态变化: READY -> RECORDING
2026-06-17 20:54:08 [JavaFX Application Thread] INFO  c.iso11820.service.SimulationEngine - 开始记录温度数据
2026-06-17 20:55:47 [JavaFX Application Thread] INFO  c.iso11820.controller.TestController - 状态变化: RECORDING -> COMPLETE
2026-06-17 20:55:47 [JavaFX Application Thread] INFO  c.iso11820.service.SimulationEngine - 停止记录
2026-06-17 20:55:48 [JavaFX Application Thread] INFO  com.iso11820.ui.RecordController - 试验记录界面初始化
2026-06-17 20:55:52 [JavaFX Application Thread] INFO  com.iso11820.ui.RecordController - 自动生成现象数据: postWeight=92.06089002552169, hasFlame=true, flameTime=4, flameDuration=3, passing=true
2026-06-17 20:56:01 [JavaFX Application Thread] INFO  com.iso11820.ui.QueryController - 查询到 6 条记录
2026-06-17 20:56:09 [JavaFX Application Thread] INFO  com.iso11820.ui.RecordController - 试验记录界面初始化
2026-06-17 20:56:11 [JavaFX Application Thread] INFO  com.iso11820.ui.RecordController - 自动生成现象数据: postWeight=45.384886813282385, hasFlame=true, flameTime=26, flameDuration=21, passing=false
2026-06-17 20:56:21 [JavaFX Application Thread] INFO  com.iso11820.ui.RecordController - 自动生成现象数据: postWeight=97.74581704850945, hasFlame=false, flameTime=0, flameDuration=0, passing=true
2026-06-17 20:56:32 [JavaFX Application Thread] INFO  com.iso11820.ui.QueryController - 查询到 6 条记录
2026-06-17 20:56:32 [JavaFX Application Thread] INFO  com.iso11820.ui.QueryController - 查询到 6 条记录
2026-06-17 20:56:33 [JavaFX Application Thread] INFO  com.iso11820.ui.QueryController - 查询到 6 条记录
2026-06-17 20:56:50 [JavaFX Application Thread] INFO  c.iso11820.controller.TestController - 状态变化: COMPLETE -> IDLE
2026-06-17 20:56:50 [JavaFX Application Thread] INFO  c.iso11820.service.SimulationEngine - 停止升温
2026-06-17 20:56:50 [JavaFX Application Thread] INFO  c.iso11820.service.SimulationEngine - 停止升温
2026-06-17 21:05:36 [JavaFX Application Thread] INFO  com.iso11820.service.DaqWorker - 数据采集服务停止
2026-06-17 21:05:36 [JavaFX Application Thread] INFO  com.iso11820.App - 应用程序关闭
2026-06-17 21:05:41 [JavaFX Application Thread] INFO  com.iso11820.config.ConfigLoader - 配置加载成功
2026-06-17 21:05:41 [JavaFX Application Thread] INFO  com.iso11820.db.DatabaseInitializer - 初始数据插入完成
2026-06-17 21:05:41 [JavaFX Application Thread] INFO  com.iso11820.db.DatabaseInitializer - 数据库初始化完成: C:/Users/lenovo/ISO11820/Data/ISO11820.db
2026-06-17 21:05:41 [JavaFX Application Thread] INFO  com.iso11820.GlobalContext - 加载 17 个传感器配置
2026-06-17 21:05:41 [JavaFX Application Thread] INFO  com.iso11820.GlobalContext - 加载设备信息: 一号试验炉
2026-06-17 21:05:41 [JavaFX Application Thread] INFO  c.iso11820.service.SimulationEngine - 仿真引擎重置，初始温度: 720.0
2026-06-17 21:05:41 [JavaFX Application Thread] INFO  com.iso11820.GlobalContext - 全局上下文初始化完成
2026-06-17 21:05:41 [JavaFX Application Thread] INFO  com.iso11820.ui.LoginController - 登录界面初始化
2026-06-17 21:05:42 [JavaFX Application Thread] INFO  com.iso11820.App - 应用程序启动
2026-06-17 21:05:46 [JavaFX Application Thread] INFO  com.iso11820.ui.LoginController - 用户 admin 登录成功
2026-06-17 21:05:46 [JavaFX Application Thread] INFO  com.iso11820.ui.QueryController - 记录查询界面初始化
2026-06-17 21:05:46 [JavaFX Application Thread] INFO  c.iso11820.ui.CalibrationController - 设备校准界面初始化
2026-06-17 21:05:46 [JavaFX Application Thread] INFO  com.iso11820.service.DaqWorker - 数据采集服务启动，间隔 800 ms
2026-06-17 21:05:46 [JavaFX Application Thread] INFO  com.iso11820.ui.MainController - 主界面初始化完成
2026-06-17 21:05:50 [JavaFX Application Thread] INFO  com.iso11820.ui.QueryController - 查询到 6 条记录
2026-06-17 21:05:57 [JavaFX Application Thread] INFO  com.iso11820.ui.NewTestController - 新建试验界面初始化
2026-06-17 21:06:18 [JavaFX Application Thread] INFO  com.iso11820.ui.NewTestController - 试验创建成功: 20260617-210618
2026-06-17 21:06:19 [JavaFX Application Thread] INFO  c.iso11820.controller.TestController - 状态变化: IDLE -> PREPARING
2026-06-17 21:06:19 [JavaFX Application Thread] INFO  c.iso11820.service.SimulationEngine - 开始升温
2026-06-17 21:06:19 [JavaFX Application Thread] INFO  c.iso11820.service.SimulationEngine - 开始升温
2026-06-17 21:06:23 [pool-2-thread-1] INFO  c.iso11820.controller.TestController - 状态变化: PREPARING -> READY
2026-06-17 21:06:24 [JavaFX Application Thread] INFO  c.iso11820.controller.TestController - 状态变化: READY -> RECORDING
2026-06-17 21:06:24 [JavaFX Application Thread] INFO  c.iso11820.service.SimulationEngine - 开始记录温度数据
2026-06-17 21:06:40 [JavaFX Application Thread] INFO  c.iso11820.controller.TestController - 状态变化: RECORDING -> COMPLETE
2026-06-17 21:06:40 [JavaFX Application Thread] INFO  c.iso11820.service.SimulationEngine - 停止记录
2026-06-17 21:06:41 [JavaFX Application Thread] INFO  com.iso11820.ui.RecordController - 试验记录界面初始化
2026-06-17 21:06:45 [JavaFX Application Thread] INFO  com.iso11820.ui.RecordController - 自动生成现象数据: postWeight=95.24185378519715, hasFlame=true, flameTime=4, flameDuration=4, passing=true
2026-06-17 21:06:54 [JavaFX Application Thread] INFO  com.iso11820.ui.QueryController - 查询到 7 条记录
2026-06-17 21:07:00 [JavaFX Application Thread] INFO  c.iso11820.controller.TestController - 状态变化: COMPLETE -> IDLE
2026-06-17 21:07:00 [JavaFX Application Thread] INFO  c.iso11820.service.SimulationEngine - 停止升温
2026-06-17 21:07:00 [JavaFX Application Thread] INFO  c.iso11820.service.SimulationEngine - 停止升温
2026-06-17 21:07:17 [JavaFX Application Thread] INFO  com.iso11820.service.ExportService - 查询结果Excel导出成功: C:/Users/lenovo/ISO11820/Reports/20260617_查询结果.xlsx
2026-06-17 21:08:15 [JavaFX Application Thread] INFO  com.iso11820.ui.NewTestController - 新建试验界面初始化
2026-06-17 21:08:17 [JavaFX Application Thread] INFO  c.iso11820.controller.TestController - 状态变化: IDLE -> PREPARING
2026-06-17 21:08:17 [JavaFX Application Thread] INFO  c.iso11820.service.SimulationEngine - 开始升温
2026-06-17 21:08:17 [JavaFX Application Thread] INFO  c.iso11820.service.SimulationEngine - 开始升温
2026-06-17 21:08:22 [pool-2-thread-1] INFO  c.iso11820.controller.TestController - 状态变化: PREPARING -> READY
2026-06-17 21:08:22 [JavaFX Application Thread] INFO  c.iso11820.controller.TestController - 状态变化: READY -> RECORDING
2026-06-17 21:08:22 [JavaFX Application Thread] INFO  c.iso11820.service.SimulationEngine - 开始记录温度数据
2026-06-17 21:09:36 [JavaFX Application Thread] INFO  c.iso11820.controller.TestController - 状态变化: RECORDING -> COMPLETE
2026-06-17 21:09:36 [JavaFX Application Thread] INFO  c.iso11820.service.SimulationEngine - 停止记录
2026-06-17 21:09:41 [JavaFX Application Thread] INFO  com.iso11820.ui.RecordController - 试验记录界面初始化
2026-06-17 21:09:49 [JavaFX Application Thread] INFO  com.iso11820.ui.RecordController - 自动生成现象数据: postWeight=97.24026817409535, hasFlame=true, flameTime=1, flameDuration=2, passing=true
2026-06-17 21:10:06 [JavaFX Application Thread] INFO  com.iso11820.ui.RecordController - 自动生成现象数据: postWeight=58.49481080611824, hasFlame=true, flameTime=7, flameDuration=10, passing=false
2026-06-17 21:10:12 [JavaFX Application Thread] INFO  com.iso11820.ui.QueryController - 查询到 7 条记录
2026-06-17 21:10:14 [JavaFX Application Thread] INFO  com.iso11820.ui.QueryController - 查询到 7 条记录
2026-06-17 21:10:21 [JavaFX Application Thread] INFO  com.iso11820.ui.RecordController - 试验记录界面初始化
2026-06-17 21:10:43 [JavaFX Application Thread] INFO  com.iso11820.ui.RecordController - 自动生成现象数据: postWeight=68.96543770237282, hasFlame=true, flameTime=28, flameDuration=10, passing=false
2026-06-17 21:15:31 [JavaFX Application Thread] INFO  com.iso11820.service.DaqWorker - 数据采集服务停止
2026-06-17 21:15:31 [JavaFX Application Thread] INFO  com.iso11820.App - 应用程序关闭
2026-06-17 21:15:35 [JavaFX Application Thread] INFO  com.iso11820.config.ConfigLoader - 配置加载成功
2026-06-17 21:15:35 [JavaFX Application Thread] INFO  com.iso11820.db.DatabaseInitializer - 初始数据插入完成
2026-06-17 21:15:35 [JavaFX Application Thread] INFO  com.iso11820.db.DatabaseInitializer - 数据库初始化完成: C:/Users/lenovo/ISO11820/Data/ISO11820.db
2026-06-17 21:15:35 [JavaFX Application Thread] INFO  com.iso11820.GlobalContext - 加载 17 个传感器配置
2026-06-17 21:15:35 [JavaFX Application Thread] INFO  com.iso11820.GlobalContext - 加载设备信息: 一号试验炉
2026-06-17 21:15:35 [JavaFX Application Thread] INFO  c.iso11820.service.SimulationEngine - 仿真引擎重置，初始温度: 720.0
2026-06-17 21:15:35 [JavaFX Application Thread] INFO  com.iso11820.GlobalContext - 全局上下文初始化完成
2026-06-17 21:15:36 [JavaFX Application Thread] INFO  com.iso11820.ui.LoginController - 登录界面初始化
2026-06-17 21:15:36 [JavaFX Application Thread] INFO  com.iso11820.App - 应用程序启动
2026-06-17 21:15:44 [JavaFX Application Thread] INFO  com.iso11820.ui.LoginController - 用户 admin 登录成功
2026-06-17 21:15:44 [JavaFX Application Thread] INFO  com.iso11820.ui.QueryController - 记录查询界面初始化
2026-06-17 21:15:44 [JavaFX Application Thread] INFO  c.iso11820.ui.CalibrationController - 设备校准界面初始化
2026-06-17 21:15:44 [JavaFX Application Thread] INFO  com.iso11820.service.DaqWorker - 数据采集服务启动，间隔 800 ms
2026-06-17 21:15:44 [JavaFX Application Thread] INFO  com.iso11820.ui.MainController - 主界面初始化完成
2026-06-17 21:15:48 [JavaFX Application Thread] INFO  com.iso11820.ui.NewTestController - 新建试验界面初始化
2026-06-17 21:16:20 [JavaFX Application Thread] INFO  com.iso11820.ui.NewTestController - 试验创建成功: 20260617-211620
2026-06-17 21:16:24 [JavaFX Application Thread] INFO  c.iso11820.controller.TestController - 状态变化: IDLE -> PREPARING
2026-06-17 21:16:24 [JavaFX Application Thread] INFO  c.iso11820.service.SimulationEngine - 开始升温
2026-06-17 21:16:24 [JavaFX Application Thread] INFO  c.iso11820.service.SimulationEngine - 开始升温
2026-06-17 21:16:28 [pool-2-thread-1] INFO  c.iso11820.controller.TestController - 状态变化: PREPARING -> READY
2026-06-17 21:16:30 [JavaFX Application Thread] INFO  c.iso11820.controller.TestController - 状态变化: READY -> RECORDING
2026-06-17 21:16:30 [JavaFX Application Thread] INFO  c.iso11820.service.SimulationEngine - 开始记录温度数据
2026-06-17 21:17:34 [JavaFX Application Thread] INFO  c.iso11820.controller.TestController - 状态变化: RECORDING -> COMPLETE
2026-06-17 21:17:34 [JavaFX Application Thread] INFO  c.iso11820.service.SimulationEngine - 停止记录
2026-06-17 21:17:35 [JavaFX Application Thread] INFO  com.iso11820.ui.RecordController - 试验记录界面初始化
2026-06-17 21:17:38 [JavaFX Application Thread] INFO  com.iso11820.ui.RecordController - 自动生成现象数据: postWeight=40.39159237079597, hasFlame=true, flameTime=28, flameDuration=16, passing=false
2026-06-17 21:17:39 [JavaFX Application Thread] INFO  com.iso11820.service.ExportService - CSV文件导出成功: C:/Users/lenovo/ISO11820/TestData/test3/20260617-211620/sensor_data.csv
2026-06-17 21:17:39 [JavaFX Application Thread] WARN  com.iso11820.service.ExportService - 加载字体 C:/Windows/Fonts/msyh.ttc 失败: 'head' table is mandatory
2026-06-17 21:17:39 [JavaFX Application Thread] WARN  com.iso11820.service.ExportService - 加载字体 C:/Windows/Fonts/msyhbd.ttc 失败: 'head' table is mandatory
2026-06-17 21:17:39 [JavaFX Application Thread] INFO  com.iso11820.service.ExportService - 成功加载中文字体: C:/Windows/Fonts/simhei.ttf
2026-06-17 21:17:39 [JavaFX Application Thread] WARN  com.iso11820.service.ExportService - 加载字体 C:/Windows/Fonts/msyhbd.ttc 失败: 'head' table is mandatory
2026-06-17 21:17:39 [JavaFX Application Thread] INFO  com.iso11820.service.ExportService - 成功加载中文字体: C:/Windows/Fonts/simhei.ttf
2026-06-17 21:17:39 [JavaFX Application Thread] INFO  com.iso11820.service.ExportService - PDF文件导出成功: C:/Users/lenovo/ISO11820/Reports/20260617-211620_报告.pdf
2026-06-17 21:17:39 [JavaFX Application Thread] INFO  com.iso11820.ui.RecordController - 试验记录保存成功: 20260617-211620
2026-06-17 21:17:42 [JavaFX Application Thread] INFO  c.iso11820.controller.TestController - 状态变化: COMPLETE -> IDLE
2026-06-17 21:17:44 [JavaFX Application Thread] INFO  com.iso11820.ui.QueryController - 查询到 8 条记录
2026-06-17 21:18:09 [JavaFX Application Thread] INFO  com.iso11820.service.DaqWorker - 数据采集服务停止
2026-06-17 21:18:09 [JavaFX Application Thread] INFO  com.iso11820.App - 应用程序关闭
2026-06-27 11:37:18 [JavaFX Application Thread] INFO  com.iso11820.config.ConfigLoader - 配置加载成功
2026-06-27 11:37:18 [JavaFX Application Thread] INFO  com.iso11820.db.DatabaseInitializer - 初始数据插入完成
2026-06-27 11:37:18 [JavaFX Application Thread] INFO  com.iso11820.db.DatabaseInitializer - 数据库初始化完成: C:/Users/lenovo/ISO11820/Data/ISO11820.db
2026-06-27 11:37:18 [JavaFX Application Thread] INFO  com.iso11820.GlobalContext - 加载 17 个传感器配置
2026-06-27 11:37:18 [JavaFX Application Thread] INFO  com.iso11820.GlobalContext - 加载设备信息: 一号试验炉
2026-06-27 11:37:18 [JavaFX Application Thread] INFO  c.iso11820.service.SimulationEngine - 仿真引擎重置，初始温度: 720.0
2026-06-27 11:37:18 [JavaFX Application Thread] INFO  com.iso11820.GlobalContext - 全局上下文初始化完成
2026-06-27 11:37:19 [JavaFX Application Thread] INFO  com.iso11820.ui.LoginController - 登录界面初始化
2026-06-27 11:37:19 [JavaFX Application Thread] INFO  com.iso11820.App - 应用程序启动
2026-06-27 11:37:26 [JavaFX Application Thread] INFO  com.iso11820.ui.LoginController - 用户 admin 登录成功
2026-06-27 11:37:26 [JavaFX Application Thread] INFO  com.iso11820.ui.QueryController - 记录查询界面初始化
2026-06-27 11:37:26 [JavaFX Application Thread] INFO  c.iso11820.ui.CalibrationController - 设备校准界面初始化
2026-06-27 11:37:26 [JavaFX Application Thread] INFO  com.iso11820.service.DaqWorker - 数据采集服务启动，间隔 800 ms
2026-06-27 11:37:26 [JavaFX Application Thread] INFO  com.iso11820.ui.MainController - 主界面初始化完成
2026-06-27 11:37:29 [JavaFX Application Thread] INFO  com.iso11820.ui.NewTestController - 新建试验界面初始化
2026-06-27 11:37:37 [JavaFX Application Thread] INFO  com.iso11820.ui.NewTestController - 新建试验界面初始化
2026-06-27 11:38:18 [JavaFX Application Thread] INFO  com.iso11820.ui.NewTestController - 试验创建成功: 20260627-113818
2026-06-27 11:38:22 [JavaFX Application Thread] INFO  c.iso11820.controller.TestController - 状态变化: IDLE -> PREPARING
2026-06-27 11:38:22 [JavaFX Application Thread] INFO  c.iso11820.service.SimulationEngine - 开始升温
2026-06-27 11:38:22 [JavaFX Application Thread] INFO  c.iso11820.service.SimulationEngine - 开始升温
2026-06-27 11:38:26 [pool-2-thread-1] INFO  c.iso11820.controller.TestController - 状态变化: PREPARING -> READY
2026-06-27 11:38:27 [JavaFX Application Thread] INFO  c.iso11820.controller.TestController - 状态变化: READY -> RECORDING
2026-06-27 11:38:27 [JavaFX Application Thread] INFO  c.iso11820.service.SimulationEngine - 开始记录温度数据
2026-06-27 11:38:50 [JavaFX Application Thread] INFO  c.iso11820.controller.TestController - 状态变化: RECORDING -> COMPLETE
2026-06-27 11:38:50 [JavaFX Application Thread] INFO  c.iso11820.service.SimulationEngine - 停止记录
2026-06-27 11:38:52 [JavaFX Application Thread] INFO  com.iso11820.ui.RecordController - 试验记录界面初始化
2026-06-27 11:38:56 [JavaFX Application Thread] INFO  com.iso11820.ui.RecordController - 自动生成现象数据: postWeight=95.03523189073209, hasFlame=false, flameTime=0, flameDuration=0, passing=true
2026-06-27 11:38:58 [JavaFX Application Thread] INFO  com.iso11820.service.ExportService - CSV文件导出成功: C:/Users/lenovo/ISO11820/TestData/202431060242/20260627-113818/sensor_data.csv
2026-06-27 11:38:58 [JavaFX Application Thread] WARN  com.iso11820.service.ExportService - 加载字体 C:/Windows/Fonts/msyh.ttc 失败: 'head' table is mandatory
2026-06-27 11:38:58 [JavaFX Application Thread] WARN  com.iso11820.service.ExportService - 加载字体 C:/Windows/Fonts/msyhbd.ttc 失败: 'head' table is mandatory
2026-06-27 11:38:58 [JavaFX Application Thread] INFO  com.iso11820.service.ExportService - 成功加载中文字体: C:/Windows/Fonts/simhei.ttf
2026-06-27 11:38:58 [JavaFX Application Thread] WARN  com.iso11820.service.ExportService - 加载字体 C:/Windows/Fonts/msyhbd.ttc 失败: 'head' table is mandatory
2026-06-27 11:38:58 [JavaFX Application Thread] INFO  com.iso11820.service.ExportService - 成功加载中文字体: C:/Windows/Fonts/simhei.ttf
2026-06-27 11:38:58 [JavaFX Application Thread] INFO  com.iso11820.service.ExportService - PDF文件导出成功: C:/Users/lenovo/ISO11820/Reports/20260627-113818_报告.pdf
2026-06-27 11:38:58 [JavaFX Application Thread] INFO  com.iso11820.ui.RecordController - 试验记录保存成功: 20260627-113818
2026-06-27 11:38:59 [JavaFX Application Thread] INFO  c.iso11820.controller.TestController - 状态变化: COMPLETE -> IDLE
2026-06-27 11:39:04 [JavaFX Application Thread] INFO  com.iso11820.service.DaqWorker - 数据采集服务停止
2026-06-27 11:39:04 [JavaFX Application Thread] INFO  com.iso11820.App - 应用程序关闭
